2023-08-07T06:03:47.243+05:30  INFO 18568 --- [restartedMain] com.neueda.demo.Swagger1Application      : Starting Swagger1Application using Java 17.0.2 with PID 18568 (D:\Neueda\neueda_spring_workspace\Swagger-1\target\classes started by Admin in D:\Neueda\neueda_spring_workspace\Swagger-1)
2023-08-07T06:03:47.244+05:30  INFO 18568 --- [restartedMain] com.neueda.demo.Swagger1Application      : No active profile set, falling back to 1 default profile: "default"
2023-08-07T06:03:48.689+05:30  INFO 18568 --- [restartedMain] o.s.b.w.embedded.tomcat.TomcatWebServer  : Tomcat initialized with port(s): 8080 (http)
2023-08-07T06:03:48.692+05:30  INFO 18568 --- [restartedMain] o.apache.catalina.core.StandardService   : Starting service [Tomcat]
2023-08-07T06:03:48.695+05:30  INFO 18568 --- [restartedMain] o.apache.catalina.core.StandardEngine    : Starting Servlet engine: [Apache Tomcat/10.1.11]
2023-08-07T06:03:48.734+05:30  INFO 18568 --- [restartedMain] o.a.c.c.C.[Tomcat].[localhost].[/]       : Initializing Spring embedded WebApplicationContext
2023-08-07T06:03:48.735+05:30  INFO 18568 --- [restartedMain] w.s.c.ServletWebServerApplicationContext : Root WebApplicationContext: initialization completed in 1480 ms
2023-08-07T06:03:49.161+05:30  INFO 18568 --- [restartedMain] o.s.b.d.a.OptionalLiveReloadServer       : LiveReload server is running on port 35729
2023-08-07T06:03:49.351+05:30  INFO 18568 --- [restartedMain] o.s.b.w.embedded.tomcat.TomcatWebServer  : Tomcat started on port(s): 8080 (http) with context path ''
2023-08-07T06:03:49.481+05:30  INFO 18568 --- [restartedMain] com.neueda.demo.Swagger1Application      : Started Swagger1Application in 2.369 seconds (process running for 83.792)
2023-08-07T06:03:49.486+05:30  INFO 18568 --- [restartedMain] .ConditionEvaluationDeltaLoggingListener : Condition evaluation unchanged
2023-08-07T06:03:55.764+05:30  INFO 18568 --- [http-nio-8080-exec-1] o.a.c.c.C.[Tomcat].[localhost].[/]       : Initializing Spring DispatcherServlet 'dispatcherServlet'
2023-08-07T06:03:55.765+05:30  INFO 18568 --- [http-nio-8080-exec-1] o.s.web.servlet.DispatcherServlet        : Initializing Servlet 'dispatcherServlet'
2023-08-07T06:03:55.769+05:30  INFO 18568 --- [http-nio-8080-exec-1] o.s.web.servlet.DispatcherServlet        : Completed initialization in 3 ms
2023-08-07T06:03:55.827+05:30  INFO 18568 --- [http-nio-8080-exec-1] com.neueda.demo.LogController            : Log level: INFO
2023-08-07T06:03:55.827+05:30 ERROR 18568 --- [http-nio-8080-exec-1] com.neueda.demo.LogController            : Log level: ERROR
2023-08-07T06:03:55.827+05:30  WARN 18568 --- [http-nio-8080-exec-1] com.neueda.demo.LogController            : Log level: WARN
2023-08-07T06:05:05.159+05:30  INFO 18568 --- [File Watcher] rtingClassPathChangeChangedEventListener : Restarting due to 1 class path change (0 additions, 0 deletions, 1 modification)
2023-08-07T06:05:05.175+05:30  INFO 18568 --- [Thread-7] o.apache.catalina.core.StandardService   : Stopping service [Tomcat]
2023-08-07T06:05:05.177+05:30  INFO 18568 --- [Thread-7] o.a.c.c.C.[Tomcat].[localhost].[/]       : Destroying Spring FrameworkServlet 'dispatcherServlet'
